2021-10-04 10:11:22,028 - INFO - Listando Todos os Endereços
2021-10-04 10:11:47,036 - INFO - Listando Todas as Escolas
2021-10-04 11:05:17,439 - INFO - Cadastrando um Novo Endereço
2021-10-04 11:05:20,463 - INFO - Listando Todos os Endereços
2021-10-04 11:05:50,700 - INFO - Cadastrando uma Nova Escola
2021-10-04 11:05:52,556 - INFO - Listando Todas as Escolas
2021-10-04 11:06:04,253 - INFO - Cadastrando um Novo Campus
2021-10-04 11:06:05,810 - INFO - Listando Todos os Campus
2021-10-04 11:06:11,910 - INFO - Cadastrando um Novo Turno
2021-10-04 11:06:19,222 - INFO - Cadastrando um Novo Turno
2021-10-04 11:06:26,345 - INFO - Cadastrando um Novo Turno
2021-10-04 11:06:35,295 - INFO - Cadastrando um Novo Turno
2021-10-04 11:06:37,140 - INFO - Listando Todos os Turnos
2021-10-04 11:06:37,312 - INFO - Listando Todos os Turnos
2021-10-04 11:07:45,099 - INFO - Cadastrando um Novo curso
2021-10-04 11:07:46,339 - INFO - Listando Todos os Cursos
2021-10-04 11:08:02,518 - INFO - Listando Todas as Escolas
2021-10-04 11:09:30,659 - INFO - Cadastrando um Novo Aluno
2021-10-04 11:09:40,740 - INFO - Listando Todos os Alunos
2021-10-04 11:10:05,901 - INFO - Cadastrando um Novo Professor
2021-10-04 11:10:28,307 - INFO - Cadastrando uma Nova Disciplina
2021-10-04 11:10:30,125 - INFO - Listando Todas as Disciplinas
